0 126691238
10000 191473301
20000 342420573
30000 472423408
40000 631197045
50000 737413594
60000 930805247
70000 1033092614
80000 1210174274
90000 1355495127
100000 1639530917
110000 1678715220
120000 1836839273
130000 2120375235
140000 2203287406
150000 2322710345
160000 2519500313
170000 2688018027
180000 2879936757
190000 2999560971
200000 3156444735
210000 3371972476
220000 3480477607
230000 3704880326
240000 3861939126
250000 4061024717
260000 4196112865
270000 4325162764
280000 4429716314
290000 4726629863
300000 4764055490
310000 4985969310
320000 5159879209
330000 5228307261
340000 5441178109
350000 5593830618
360000 5664088384
370000 5874057863
380000 5993771995
390000 6195308085
400000 6261724987
410000 6464598004
420000 6631088888
430000 6762891999
440000 6876734597
450000 6945255127
460000 6992572346
470000 7270233575
480000 7306968978
490000 7469560120
500000 7543191882
510000 7706561564
520000 7822552589
530000 7932018657
540000 8061743099
550000 8159180347
560000 8280332203
570000 8369127746
580000 8318802603
590000 8586420243
600000 8611181225
610000 8789965563
620000 8774477309
630000 8941672176
640000 9048147919
650000 9048040081
660000 9128511352
670000 9213998499
680000 9309625232
690000 9384531522
700000 9477715756
710000 9966170764
720000 9841984104
730000 10118210490
740000 10023870124
750000 10016936857
760000 10017567561
770000 10141999656
780000 10299156053
790000 10232261403
800000 10132277018
810000 10342867602
820000 10436028157
830000 10401605656
840000 10577222072
850000 10503918942
860000 10650697999
870000 10658880194
880000 10737232479
890000 10821644452
900000 10779535103
910000 10928445626
920000 11163911428
930000 10992179395
940000 11073930955
950000 11178159713
960000 11097788919
970000 11385174706
980000 11297692729
990000 11439934939
