0 0
10000 0
20000 0
30000 0
40000 0
50000 0
60000 0
70000 0
80000 0
90000 0
100000 0
110000 0
120000 0
130000 0
140000 0
150000 0
160000 0
170000 0
180000 0
190000 0
200000 0
210000 0
220000 0
230000 0
240000 0
250000 0
260000 0
270000 0
280000 1
290000 1
300000 1
310000 1
320000 1
330000 1
340000 1
350000 1
360000 1
370000 1
380000 1
390000 1
400000 1
410000 1
420000 1
430000 1
440000 1
450000 1
460000 1
470000 1
480000 1
490000 2
500000 2
510000 2
520000 2
530000 2
540000 2
550000 2
560000 2
570000 2
580000 2
590000 2
600000 2
610000 2
620000 2
630000 2
640000 2
650000 2
660000 2
670000 2
680000 2
690000 3
700000 3
710000 3
720000 3
730000 3
740000 3
750000 3
760000 3
770000 3
780000 3
790000 3
800000 3
810000 3
820000 3
830000 3
840000 3
850000 3
860000 3
870000 3
880000 3
890000 3
900000 3
910000 3
920000 3
930000 3
940000 3
950000 3
960000 3
970000 3
980000 4
990000 3
