1000 0
3000 0
5000 0
7000 0
9000 3
11000 0
13000 0
15000 0
17000 0
19000 0
21000 0
23000 1
25000 0
27000 1
29000 1
31000 0
33000 0
35000 2
37000 0
39000 0
41000 0
43000 0
45000 1
47000 0
49000 6
51000 1
53000 0
55000 1
57000 3
59000 0
61000 1
63000 1
65000 1
67000 2
69000 0
71000 3
73000 0
75000 4
77000 0
79000 1
81000 4
83000 7
85000 1
87000 6
89000 3
91000 4
93000 1
95000 6
97000 0
99000 4
101000 1
103000 3
105000 3
107000 3
109000 3
111000 0
113000 5
115000 3
117000 8
119000 1
121000 2
123000 4
125000 3
127000 10
129000 6
131000 5
133000 4
135000 2
137000 4
139000 5
141000 3
143000 4
145000 10
147000 12
149000 3
151000 15
153000 13
155000 12
157000 7
159000 4
161000 6
163000 18
165000 3
167000 11
169000 6
171000 8
173000 5
175000 6
177000 20
179000 9
181000 25
183000 6
185000 11
187000 17
189000 15
191000 0
193000 4
195000 11
197000 8
199000 3
201000 10
203000 9
205000 6
207000 10
209000 22
211000 14
213000 26
215000 25
217000 12
219000 0
221000 10
223000 10
225000 10
227000 8
229000 26
231000 9
233000 22
235000 23
237000 10
239000 28
241000 26
243000 20
245000 19
247000 34
249000 21
