1000 105687020
3000 27201988
5000 42375607
7000 43828073
9000 61190472
11000 71894373
13000 81881800
15000 91510511
17000 117704827
19000 115757966
21000 125987311
23000 143507149
25000 195351467
27000 213231622
29000 180934641
31000 199682307
33000 206475844
35000 223061290
37000 254666756
39000 258621920
41000 277474225
43000 285200874
45000 292796643
47000 320701023
49000 288572682
51000 321846933
53000 337096071
55000 344520963
57000 344200006
59000 397538390
61000 348122850
63000 392950913
65000 420344899
67000 369213854
69000 434478208
71000 454871619
73000 473555286
75000 422810796
77000 477921645
79000 447084491
81000 468803970
83000 466715029
85000 507008094
87000 545504378
89000 496710271
91000 572077251
93000 569432156
95000 552628472
97000 569818073
99000 656878704
101000 640645895
103000 573906674
105000 599989312
107000 616593318
109000 641606526
111000 664186797
113000 613863103
115000 634383552
117000 681747914
119000 664006638
121000 700083103
123000 623254696
125000 687080984
127000 681302157
129000 680509845
131000 723307528
133000 719114927
135000 728207002
137000 776963030
139000 789482593
141000 806080840
143000 850722025
145000 815475953
147000 826125134
149000 816488103
151000 788703081
153000 843885928
155000 798347792
157000 791042900
159000 786648060
161000 848800443
163000 808573616
165000 784519439
167000 846877581
169000 916725253
171000 863637425
173000 828793908
175000 851981534
177000 913619042
179000 965849597
181000 897082555
183000 921357850
185000 903077699
187000 938962166
189000 945845302
191000 976926934
193000 944571075
195000 885567462
197000 955983129
199000 910730749
201000 940750630
203000 919618986
205000 981972007
207000 884044596
209000 953589551
211000 928773781
213000 872174946
215000 981485612
217000 1007388411
219000 1167921001
221000 993292222
223000 967758059
225000 1001190709
227000 985736772
229000 1069341757
231000 1078075756
233000 1029577005
235000 1000667514
237000 1020765887
239000 993275582
241000 1032946894
243000 979984186
245000 973062970
247000 1063111734
249000 1021377402
