\BOOKMARK [1][-]{section.1}{Objetivos generales}{}% 1
\BOOKMARK [1][-]{section.2}{Problema 1: Tel\351grafo}{}% 2
\BOOKMARK [2][-]{subsection.2.1}{Descripci\363n de la problem\341tica}{section.2}% 3
\BOOKMARK [2][-]{subsection.2.2}{Resoluci\363n propuesta y justificaci\363n}{section.2}% 4
\BOOKMARK [2][-]{subsection.2.3}{An\341lisis de la complejidad}{section.2}% 5
\BOOKMARK [2][-]{subsection.2.4}{C\363digo fuente}{section.2}% 6
\BOOKMARK [2][-]{subsection.2.5}{Experimentaci\363n}{section.2}% 7
\BOOKMARK [3][-]{subsubsection.2.5.1}{Constrastaci\363n Emp\355rica de la complejidad}{subsection.2.5}% 8
\BOOKMARK [1][-]{section.3}{Problema 2: A medias}{}% 9
\BOOKMARK [2][-]{subsection.3.1}{Descripci\363n de la problem\341tica}{section.3}% 10
\BOOKMARK [2][-]{subsection.3.2}{Resoluci\363n propuesta y justificaci\363n}{section.3}% 11
\BOOKMARK [2][-]{subsection.3.3}{An\341lisis de la complejidad}{section.3}% 12
\BOOKMARK [2][-]{subsection.3.4}{C\363digo fuente}{section.3}% 13
\BOOKMARK [2][-]{subsection.3.5}{Experimentaci\363n}{section.3}% 14
\BOOKMARK [3][-]{subsubsection.3.5.1}{Constrastaci\363n Emp\355rica de la complejidad}{subsection.3.5}% 15
\BOOKMARK [1][-]{section.4}{Problema 3: Girls Scouts}{}% 16
\BOOKMARK [2][-]{subsection.4.1}{Descripci\363n de la problem\341tica}{section.4}% 17
\BOOKMARK [2][-]{subsection.4.2}{Resoluci\363n propuesta y justificaci\363n}{section.4}% 18
\BOOKMARK [2][-]{subsection.4.3}{An\341lisis de la complejidad}{section.4}% 19
\BOOKMARK [2][-]{subsection.4.4}{C\363digo fuente}{section.4}% 20
\BOOKMARK [2][-]{subsection.4.5}{Experimentaci\363n}{section.4}% 21
\BOOKMARK [3][-]{subsubsection.4.5.1}{Constrastaci\363n Emp\355rica de la complejidad}{subsection.4.5}% 22
