\BOOKMARK [1][-]{section.1}{Introducci\363n}{}% 1
\BOOKMARK [1][-]{section.2}{Problema 1: Algoritmo Exacto para 2-List Coloring}{}% 2
\BOOKMARK [2][-]{subsection.2.1}{Descripci\363n de la problem\341tica}{section.2}% 3
\BOOKMARK [2][-]{subsection.2.2}{Resoluci\363n propuesta y justificaci\363n}{section.2}% 4
\BOOKMARK [2][-]{subsection.2.3}{PseudoC\363digo}{section.2}% 5
\BOOKMARK [2][-]{subsection.2.4}{An\341lisis de la complejidad}{section.2}% 6
\BOOKMARK [2][-]{subsection.2.5}{Experimentaci\363n}{section.2}% 7
\BOOKMARK [3][-]{subsubsection.2.5.1}{El tri\341ngulo}{subsection.2.5}% 8
\BOOKMARK [3][-]{subsubsection.2.5.2}{El pentagono}{subsection.2.5}% 9
\BOOKMARK [3][-]{subsubsection.2.5.3}{El se\361or de los anillos}{subsection.2.5}% 10
\BOOKMARK [3][-]{subsubsection.2.5.4}{Grafos bipartitos completos}{subsection.2.5}% 11
\BOOKMARK [3][-]{subsubsection.2.5.5}{Testeos de complejidad}{subsection.2.5}% 12
\BOOKMARK [3][-]{subsubsection.2.5.6}{Complejidad en grafos completos}{subsection.2.5}% 13
\BOOKMARK [1][-]{section.3}{Problema 2: Algoritmo Exacto para List Coloring}{}% 14
\BOOKMARK [2][-]{subsection.3.1}{Descripci\363n de la problem\341tica}{section.3}% 15
\BOOKMARK [2][-]{subsection.3.2}{Resoluci\363n propuesta y justificaci\363n}{section.3}% 16
\BOOKMARK [3][-]{subsubsection.3.2.1}{Podas}{subsection.3.2}% 17
\BOOKMARK [2][-]{subsection.3.3}{An\341lisis de la complejidad}{section.3}% 18
\BOOKMARK [1][-]{section.4}{Problema 3: Heur\355stica Constructiva Golosa}{}% 19
\BOOKMARK [2][-]{subsection.4.1}{Descripci\363n de la problem\341tica}{section.4}% 20
\BOOKMARK [2][-]{subsection.4.2}{Resoluci\363n propuesta y justificaci\363n}{section.4}% 21
\BOOKMARK [2][-]{subsection.4.3}{PseudoC\363digo y An\341lisis de la complejidad}{section.4}% 22
\BOOKMARK [2][-]{subsection.4.4}{Experimentaci\363n}{section.4}% 23
\BOOKMARK [3][-]{subsubsection.4.4.1}{Peor caso}{subsection.4.4}% 24
\BOOKMARK [3][-]{subsubsection.4.4.2}{Mejor caso}{subsection.4.4}% 25
\BOOKMARK [1][-]{section.5}{Problema 4: Heur\355stica de b\372squeda local}{}% 26
\BOOKMARK [2][-]{subsection.5.1}{Descripci\363n del algoritmo}{section.5}% 27
\BOOKMARK [3][-]{subsubsection.5.1.1}{Vecindad 1}{subsection.5.1}% 28
\BOOKMARK [3][-]{subsubsection.5.1.2}{Vecindad 2}{subsection.5.1}% 29
\BOOKMARK [2][-]{subsection.5.2}{An\341lisis de complejidad}{section.5}% 30
\BOOKMARK [2][-]{subsection.5.3}{Experimentaci\363n}{section.5}% 31
\BOOKMARK [3][-]{subsubsection.5.3.1}{Peor caso}{subsection.5.3}% 32
\BOOKMARK [3][-]{subsubsection.5.3.2}{Mejor caso}{subsection.5.3}% 33
\BOOKMARK [1][-]{section.6}{Comparativas}{}% 34
\BOOKMARK [2][-]{subsection.6.1}{Resultados obtenidos a partir de grafos c\355clicos}{section.6}% 35
\BOOKMARK [2][-]{subsection.6.2}{Resultados obtenidos a partir de grafos completos}{section.6}% 36
\BOOKMARK [2][-]{subsection.6.3}{Resultados obtenidos a parir de grafos bipartitos completos}{section.6}% 37
\BOOKMARK [1][-]{section.7}{Ap\351ndice: C\363digo fuente}{}% 38
\BOOKMARK [2][-]{subsection.7.1}{2-List Coloring}{section.7}% 39
\BOOKMARK [2][-]{subsection.7.2}{List Coloring}{section.7}% 40
\BOOKMARK [2][-]{subsection.7.3}{Heur\355stica Constructiva Golosa}{section.7}% 41
\BOOKMARK [2][-]{subsection.7.4}{B\372squeda Local}{section.7}% 42
