1 445386267
11 553311345
21 719660202
31 894131222
41 1033238731
51 1234000709
61 1276393595
71 1460402767
81 1604259352
91 2092808099
101 1940785509
111 2171790085
121 2324724347
131 2370020566
141 2577135444
151 2767478958
161 2945896502
171 3185275721
181 3199602947
191 3223425127
201 3717715899
211 3829969898
221 3927307875
231 4004244121
241 4286223584
251 4332889071
261 4772265473
271 4728181082
281 4959046460
291 5108619792
301 5143036433
311 5034096963
321 5422958955
331 5971727942
341 5780018681
351 5664088558
361 6098584685
371 6276895030
381 6236657004
391 6445312667
401 7001938222
411 6804233817
421 7088606218
431 7113708065
441 7075647938
451 7755453149
461 7182546786
471 7865631647
481 7700765977
491 7822141171
501 8476107901
511 7698347439
521 8647457992
531 8613115270
541 8758217603
551 9042224888
561 9424329182
571 9439302483
581 8952639159
591 9402985060
601 9989284259
611 9972738813
621 9823387559
631 11007763448
641 10353109363
651 10376225949
661 10616323881
671 10793720314
681 11048363391
691 11220089477
701 12024374814
711 11582671393
721 12090526520
731 11534265122
741 11772784509
751 12123314055
761 12534593119
771 12483984629
781 12451114853
791 12419980743
801 12567528813
811 12853684238
821 13662700090
831 13233596232
841 13103555839
851 13737588995
861 14028121979
871 14386218176
881 14305238447
891 13895517769
901 14142012122
911 14464414891
921 15193481725
931 15302334475
941 15199229191
951 15204213785
961 15297800756
971 14381615339
981 15280293399
991 16307219229
1001 16437220902
