1 399231
11 36756
21 18584
31 12103
41 9006
51 6737
61 5427
71 4435
81 3720
91 3025
101 2477
111 2135
121 1822
131 1631
141 1424
151 1226
161 1022
171 907
181 784
191 769
201 593
211 498
221 460
231 392
241 293
251 289
261 183
271 212
281 167
291 144
301 133
311 158
321 94
331 54
341 65
351 88
361 49
371 64
381 43
391 38
401 11
411 24
421 18
431 33
441 26
451 8
461 31
471 7
481 24
491 31
501 8
511 15
521 4
531 8
541 23
551 5
561 2
571 6
581 10
591 31
601 2
611 2
621 8
631 5
641 1
651 9
661 5
671 7
681 1
691 2
701 1
711 0
721 3
731 5
741 1
751 12
761 0
771 9
781 4
791 1
801 1
811 2
821 1
831 0
841 4
851 0
861 0
871 0
881 0
891 1
901 1
911 0
921 0
931 0
941 0
951 0
961 0
971 0
981 0
991 0
1001 0
