1000 50960487 22730669
2000 120284644 13987391
3000 96686143 14382587
4000 190066076 41137219
5000 346263026 7600890
6000 485883811 4775636
7000 726772776 5457229
8000 1094514642 6722498
9000 1318501045 6588099
10000 1761527333 9821989
11000 2278722533 12229967
12000 3100286109 26033999
13000 4640508936 14527225
14000 4451205093 14848502
15000 7078044716 18411989
16000 7647652549 126633385
17000 9362011680 19162062
18000 10108112917 14815222
19000 14268119432 32876815
20000 16913756321 17402398

