2002.0
3608.0
3955.0
7050.0
2420.0
2505.0
3901.0
4817.0
4696.0
2901.0
3737.0
2904.0
4286.0
4777.0
3492.0
4808.0
3439.0
4637.0
5587.0
5792.0
6303.0
3919.0
4290.0
7311.0
4506.0
4556.0
4872.0
6474.0
6147.0
4435.0
4372.0
3422.0
7234.0
5632.0
4564.0
4555.0
4044.0
9008.0
4651.0
8845.0
9669.0
8638.0
3874.0
4517.0
6782.0
9911.0
7655.0
8405.0
9014.0
11255.0
6068.0
5246.0
4667.0
9898.0
4925.0
7372.0
10161.0
5979.0
4921.0
9978.0
10573.0
10226.0
8975.0
11372.0
13846.0
8851.0
11214.0
12571.0
9274.0
16292.0
9185.0
7714.0
13861.0
8182.0
16207.0
5993.0
10029.0
9640.0
6196.0
9251.0
13212.0
16000.0
8082.0
11765.0
12430.0
10109.0
10158.0
11641.0
9390.0
15667.0
17004.0
13748.0
11103.0
20111.0
17099.0
13333.0
12397.0
12266.0
18289.0
15514.0
12391.0
15732.0
18284.0
14463.0
10963.0
10911.0
8768.0
12155.0
10635.0
11630.0
10665.0
22326.0
10998.0
25532.0
20175.0
22913.0
12269.0
19730.0
23436.0
11076.0
26369.0
23961.0
12079.0
11673.0
23236.0
9260.0
16728.0
20107.0
27490.0
23753.0
25349.0
18058.0
19766.0
23656.0
23577.0
17176.0
21720.0
24853.0
19461.0
25012.0
19157.0
15700.0
21528.0
19626.0
16128.0
12213.0
28834.0
20493.0
26903.0
28537.0
14787.0
10795.0
27695.0
33184.0
11330.0
24307.0
24743.0
17796.0
21076.0
33932.0
31726.0
12530.0
28802.0
15169.0
23587.0
13189.0
28764.0
21171.0
27600.0
20129.0
25927.0
25077.0
21551.0
27176.0
36743.0
18391.0
37780.0
23966.0
13683.0
36359.0
15605.0
23306.0
19966.0
21908.0
15324.0
25824.0
18865.0
14843.0
38595.0
14375.0
37187.0
37597.0
37710.0
36775.0
14311.0
32817.0
30819.0
14895.0
14468.0
14325.0
