0 127737292
10000 177488690
20000 315969394
30000 455236957
40000 602276807
50000 710596984
60000 900466164
70000 1002731772
80000 1140669129
90000 1309030047
100000 1479045963
110000 1709801804
120000 1744961885
130000 1917968447
140000 2227862153
150000 2253191760
160000 2413001852
170000 2537047715
180000 2719492761
190000 2883322912
200000 3025025936
210000 3170416227
220000 3385384940
230000 3611058348
240000 3701496730
250000 3849508716
260000 3914304858
270000 4068179739
280000 4352324326
290000 4436413427
300000 4604414034
310000 4678894735
320000 4864064513
330000 5113633643
340000 5195862311
350000 5301033766
360000 5310346174
370000 5466912506
380000 5603396139
390000 5989555781
400000 6022722313
410000 6062146929
420000 6213842983
430000 6371914877
440000 6337846927
450000 6727747916
460000 6730033298
470000 6709503250
480000 6900840555
490000 7073342810
500000 7138873334
510000 7404808776
520000 7317418957
530000 7377642735
540000 7350657808
550000 7629039019
560000 7704927365
570000 7811701020
580000 7906449695
590000 7933808372
600000 8088107561
610000 8187592437
620000 8128795185
630000 8469990510
640000 8446993323
650000 8551221761
660000 8624425054
670000 8685668966
680000 8778871439
690000 8861254983
700000 9083044968
710000 8960021798
720000 9149532908
730000 9172324339
740000 9200959784
750000 9361096267
760000 9566515140
770000 9543639871
780000 9507315017
790000 9660902224
800000 9563406417
810000 9677580208
820000 9810430332
830000 9867246193
840000 9791769678
850000 9853669892
860000 9985404844
870000 10042972367
880000 10077064957
890000 10151769332
900000 10348344905
910000 10198293931
920000 10209343895
930000 10226525546
940000 10440445647
950000 10497396225
960000 10418473715
970000 10601024038
980000 10671931709
990000 10623646194
